app/build/intermediates/manifest_merge_blame_file/debug/manifest-merger-blame-debug-report.txt
1<?xml version="1.0" encoding="utf-8"?>
2<manifest xmlns:android="http://schemas.android.com/apk/res/android"
3    package="com.ch2ps075.talenthub"
4    android:versionCode="1"
5    android:versionName="1.0" >
6
7    <uses-sdk
8        android:minSdkVersion="24"
9        android:targetSdkVersion="33" />
10
11    <uses-permission android:name="android.permission.INTERNET" />
11-->src\main\AndroidManifest.xml:5:5-67
11-->src\main\AndroidManifest.xml:5:22-64
12
13    <permission
13-->[androidx.core:core:1.12.0] AndroidManifest.xml:22:5-24:47
14        android:name="com.ch2ps075.talenthub.DYNAMIC_RECEIVER_NOT_EXPORTED_PERMISSION"
14-->[androidx.core:core:1.12.0] AndroidManifest.xml:23:9-81
15        android:protectionLevel="signature" />
15-->[androidx.core:core:1.12.0] AndroidManifest.xml:24:9-44
16
17    <uses-permission android:name="com.ch2ps075.talenthub.DYNAMIC_RECEIVER_NOT_EXPORTED_PERMISSION" />
17-->[androidx.core:core:1.12.0] AndroidManifest.xml:26:5-97
17-->[androidx.core:core:1.12.0] AndroidManifest.xml:26:22-94
18
19    <application
19-->src\main\AndroidManifest.xml:7:5-67:19
20        android:allowBackup="true"
20-->src\main\AndroidManifest.xml:8:9-35
21        android:appComponentFactory="androidx.core.app.CoreComponentFactory"
21-->[androidx.core:core:1.12.0] AndroidManifest.xml:28:18-86
22        android:dataExtractionRules="@xml/data_extraction_rules"
22-->src\main\AndroidManifest.xml:9:9-65
23        android:debuggable="true"
24        android:extractNativeLibs="false"
25        android:fullBackupContent="@xml/backup_rules"
25-->src\main\AndroidManifest.xml:10:9-54
26        android:icon="@mipmap/ic_launcher"
26-->src\main\AndroidManifest.xml:11:9-43
27        android:label="@string/app_name"
27-->src\main\AndroidManifest.xml:12:9-41
28        android:roundIcon="@mipmap/ic_launcher_round"
28-->src\main\AndroidManifest.xml:13:9-54
29        android:supportsRtl="true"
29-->src\main\AndroidManifest.xml:14:9-35
30        android:testOnly="true"
31        android:theme="@style/Theme.TalentHub" >
31-->src\main\AndroidManifest.xml:15:9-47
32        <activity
32-->src\main\AndroidManifest.xml:17:9-19:40
33            android:name="com.ch2ps075.talenthub.ui.profile.settings.InformationActivity"
33-->src\main\AndroidManifest.xml:18:13-68
34            android:exported="false" />
34-->src\main\AndroidManifest.xml:19:13-37
35        <activity
35-->src\main\AndroidManifest.xml:20:9-22:40
36            android:name="com.ch2ps075.talenthub.ui.profile.settings.MyProfileActivity"
36-->src\main\AndroidManifest.xml:21:13-66
37            android:exported="false" />
37-->src\main\AndroidManifest.xml:22:13-37
38        <activity
38-->src\main\AndroidManifest.xml:23:9-25:40
39            android:name="com.ch2ps075.talenthub.ui.category.CategoryActivity"
39-->src\main\AndroidManifest.xml:24:13-57
40            android:exported="false" />
40-->src\main\AndroidManifest.xml:25:13-37
41        <activity
41-->src\main\AndroidManifest.xml:26:9-28:40
42            android:name="com.ch2ps075.talenthub.ui.profile.settings.SettingsActivity"
42-->src\main\AndroidManifest.xml:27:13-65
43            android:exported="false" />
43-->src\main\AndroidManifest.xml:28:13-37
44        <activity
44-->src\main\AndroidManifest.xml:29:9-31:40
45            android:name="com.ch2ps075.talenthub.ui.profile.terms.TermsOfServicesActivity"
45-->src\main\AndroidManifest.xml:30:13-69
46            android:exported="false" />
46-->src\main\AndroidManifest.xml:31:13-37
47        <activity
47-->src\main\AndroidManifest.xml:32:9-34:40
48            android:name="com.ch2ps075.talenthub.ui.profile.privacy.PrivacyPolicyActivity"
48-->src\main\AndroidManifest.xml:33:13-69
49            android:exported="false" />
49-->src\main\AndroidManifest.xml:34:13-37
50        <activity
50-->src\main\AndroidManifest.xml:35:9-37:40
51            android:name="com.ch2ps075.talenthub.ui.profile.language.LanguageActivity"
51-->src\main\AndroidManifest.xml:36:13-65
52            android:exported="false" />
52-->src\main\AndroidManifest.xml:37:13-37
53        <activity
53-->src\main\AndroidManifest.xml:38:9-40:40
54            android:name="com.ch2ps075.talenthub.ui.profile.helpcenter.HelpCenterActivity"
54-->src\main\AndroidManifest.xml:39:13-69
55            android:exported="false" />
55-->src\main\AndroidManifest.xml:40:13-37
56        <activity
56-->src\main\AndroidManifest.xml:41:9-43:39
57            android:name="com.ch2ps075.talenthub.ui.WelcomeActivity"
57-->src\main\AndroidManifest.xml:42:13-47
58            android:exported="true" />
58-->src\main\AndroidManifest.xml:43:13-36
59        <activity
59-->src\main\AndroidManifest.xml:44:9-46:40
60            android:name="com.ch2ps075.talenthub.ui.auth.register.RegisterActivity"
60-->src\main\AndroidManifest.xml:45:13-62
61            android:exported="false" />
61-->src\main\AndroidManifest.xml:46:13-37
62        <activity
62-->src\main\AndroidManifest.xml:47:9-49:40
63            android:name="com.ch2ps075.talenthub.ui.auth.registertalent.RegisterTalentActivity"
63-->src\main\AndroidManifest.xml:48:13-74
64            android:exported="false" />
64-->src\main\AndroidManifest.xml:49:13-37
65        <activity
65-->src\main\AndroidManifest.xml:50:9-52:39
66            android:name="com.ch2ps075.talenthub.ui.auth.login.LoginActivity"
66-->src\main\AndroidManifest.xml:51:13-56
67            android:exported="true" />
67-->src\main\AndroidManifest.xml:52:13-36
68        <activity
68-->src\main\AndroidManifest.xml:53:9-62:20
69            android:name="com.ch2ps075.talenthub.ui.main.MainActivity"
69-->src\main\AndroidManifest.xml:54:13-49
70            android:exported="true"
70-->src\main\AndroidManifest.xml:55:13-36
71            android:theme="@style/Theme.TalentHub" >
71-->src\main\AndroidManifest.xml:56:13-51
72            <intent-filter>
72-->src\main\AndroidManifest.xml:57:13-61:29
73                <action android:name="android.intent.action.MAIN" />
73-->src\main\AndroidManifest.xml:58:17-69
73-->src\main\AndroidManifest.xml:58:25-66
74
75                <category android:name="android.intent.category.LAUNCHER" />
75-->src\main\AndroidManifest.xml:60:17-77
75-->src\main\AndroidManifest.xml:60:27-74
76            </intent-filter>
77        </activity>
78
79        <meta-data
79-->src\main\AndroidManifest.xml:64:9-66:57
80            android:name="preloaded_fonts"
80-->src\main\AndroidManifest.xml:65:13-43
81            android:resource="@array/preloaded_fonts" />
81-->src\main\AndroidManifest.xml:66:13-54
82        <meta-data
82-->[com.github.bumptech.glide:okhttp3-integration:4.16.0] AndroidManifest.xml:10:9-12:43
83            android:name="com.bumptech.glide.integration.okhttp3.OkHttpGlideModule"
83-->[com.github.bumptech.glide:okhttp3-integration:4.16.0] AndroidManifest.xml:11:13-84
84            android:value="GlideModule" />
84-->[com.github.bumptech.glide:okhttp3-integration:4.16.0] AndroidManifest.xml:12:13-40
85
86        <provider
86-->[androidx.emoji2:emoji2:1.2.0] AndroidManifest.xml:24:9-32:20
87            android:name="androidx.startup.InitializationProvider"
87-->[androidx.emoji2:emoji2:1.2.0] AndroidManifest.xml:25:13-67
88            android:authorities="com.ch2ps075.talenthub.androidx-startup"
88-->[androidx.emoji2:emoji2:1.2.0] AndroidManifest.xml:26:13-68
89            android:exported="false" >
89-->[androidx.emoji2:emoji2:1.2.0] AndroidManifest.xml:27:13-37
90            <meta-data
90-->[androidx.emoji2:emoji2:1.2.0] AndroidManifest.xml:29:13-31:52
91                android:name="androidx.emoji2.text.EmojiCompatInitializer"
91-->[androidx.emoji2:emoji2:1.2.0] AndroidManifest.xml:30:17-75
92                android:value="androidx.startup" />
92-->[androidx.emoji2:emoji2:1.2.0] AndroidManifest.xml:31:17-49
93            <meta-data
93-->[androidx.lifecycle:lifecycle-process:2.6.2] AndroidManifest.xml:29:13-31:52
94                android:name="androidx.lifecycle.ProcessLifecycleInitializer"
94-->[androidx.lifecycle:lifecycle-process:2.6.2] AndroidManifest.xml:30:17-78
95                android:value="androidx.startup" />
95-->[androidx.lifecycle:lifecycle-process:2.6.2] AndroidManifest.xml:31:17-49
96            <meta-data
96-->[androidx.profileinstaller:profileinstaller:1.3.0] AndroidManifest.xml:29:13-31:52
97                android:name="androidx.profileinstaller.ProfileInstallerInitializer"
97-->[androidx.profileinstaller:profileinstaller:1.3.0] AndroidManifest.xml:30:17-85
98                android:value="androidx.startup" />
98-->[androidx.profileinstaller:profileinstaller:1.3.0] AndroidManifest.xml:31:17-49
99        </provider>
100
101        <receiver
101-->[androidx.profileinstaller:profileinstaller:1.3.0] AndroidManifest.xml:34:9-52:20
102            android:name="androidx.profileinstaller.ProfileInstallReceiver"
102-->[androidx.profileinstaller:profileinstaller:1.3.0] AndroidManifest.xml:35:13-76
103            android:directBootAware="false"
103-->[androidx.profileinstaller:profileinstaller:1.3.0] AndroidManifest.xml:36:13-44
104            android:enabled="true"
104-->[androidx.profileinstaller:profileinstaller:1.3.0] AndroidManifest.xml:37:13-35
105            android:exported="true"
105-->[androidx.profileinstaller:profileinstaller:1.3.0] AndroidManifest.xml:38:13-36
106            android:permission="android.permission.DUMP" >
106-->[androidx.profileinstaller:profileinstaller:1.3.0] AndroidManifest.xml:39:13-57
107            <intent-filter>
107-->[androidx.profileinstaller:profileinstaller:1.3.0] AndroidManifest.xml:40:13-42:29
108                <action android:name="androidx.profileinstaller.action.INSTALL_PROFILE" />
108-->[androidx.profileinstaller:profileinstaller:1.3.0] AndroidManifest.xml:41:17-91
108-->[androidx.profileinstaller:profileinstaller:1.3.0] AndroidManifest.xml:41:25-88
109            </intent-filter>
110            <intent-filter>
110-->[androidx.profileinstaller:profileinstaller:1.3.0] AndroidManifest.xml:43:13-45:29
111                <action android:name="androidx.profileinstaller.action.SKIP_FILE" />
111-->[androidx.profileinstaller:profileinstaller:1.3.0] AndroidManifest.xml:44:17-85
111-->[androidx.profileinstaller:profileinstaller:1.3.0] AndroidManifest.xml:44:25-82
112            </intent-filter>
113            <intent-filter>
113-->[androidx.profileinstaller:profileinstaller:1.3.0] AndroidManifest.xml:46:13-48:29
114                <action android:name="androidx.profileinstaller.action.SAVE_PROFILE" />
114-->[androidx.profileinstaller:profileinstaller:1.3.0] AndroidManifest.xml:47:17-88
114-->[androidx.profileinstaller:profileinstaller:1.3.0] AndroidManifest.xml:47:25-85
115            </intent-filter>
116            <intent-filter>
116-->[androidx.profileinstaller:profileinstaller:1.3.0] AndroidManifest.xml:49:13-51:29
117                <action android:name="androidx.profileinstaller.action.BENCHMARK_OPERATION" />
117-->[androidx.profileinstaller:profileinstaller:1.3.0] AndroidManifest.xml:50:17-95
117-->[androidx.profileinstaller:profileinstaller:1.3.0] AndroidManifest.xml:50:25-92
118            </intent-filter>
119        </receiver>
120    </application>
121
122</manifest>